$ next dev
   ▲ Next.js 15.5.12
   - Local:        http://localhost:3000
   - Network:      http://192.168.0.2:3000
   - Experiments (use with caution):
     ✓ webpackBuildWorker
     ✓ parallelServerCompiles
     ✓ parallelServerBuildTraces

 ✓ Starting...
 ✓ Ready in 2.1s
 ○ Compiling /not-found-demo ...
 ✓ Compiled /not-found-demo in 7.4s (775 modules)
 ✓ Compiled in 1199ms (312 modules)
 GET /not-found-demo 200 in 8657ms
 ✓ Compiled in 364ms (312 modules)
 ✓ Compiled in 342ms (312 modules)
 ✓ Compiled in 327ms (312 modules)
 ✓ Compiled in 336ms (312 modules)
 ✓ Compiled in 335ms (312 modules)
 ✓ Compiled in 426ms (312 modules)
 ✓ Compiled in 410ms (312 modules)
 ✓ Compiled in 443ms (312 modules)
 ✓ Compiled in 372ms (312 modules)
 ✓ Compiled in 336ms (312 modules)
 ✓ Compiled in 468ms (312 modules)
 ✓ Compiled in 364ms (312 modules)
 ✓ Compiled in 324ms (312 modules)
 ✓ Compiled in 315ms (312 modules)
 ✓ Compiled in 327ms (312 modules)
 ✓ Compiled in 415ms (312 modules)
 ✓ Compiled in 334ms (312 modules)
 ✓ Compiled in 311ms (312 modules)
 ✓ Compiled in 288ms (312 modules)
 ✓ Compiled in 289ms (312 modules)
 ✓ Compiled in 288ms (312 modules)
 ✓ Compiled in 561ms (312 modules)
 ✓ Compiled in 575ms (312 modules)
 ✓ Compiled in 599ms (312 modules)
 ✓ Compiled in 595ms (312 modules)
 ✓ Compiled in 530ms (312 modules)
 ✓ Compiled in 291ms (312 modules)
 ✓ Compiled in 289ms (312 modules)
 ✓ Compiled in 284ms (312 modules)
 ✓ Compiled in 290ms (312 modules)
 ✓ Compiled in 282ms (312 modules)
 ✓ Compiled in 288ms (312 modules)
 ✓ Compiled in 290ms (312 modules)
 ✓ Compiled in 299ms (312 modules)
 ✓ Compiled in 302ms (312 modules)
 ✓ Compiled in 297ms (312 modules)
 ✓ Compiled in 304ms (312 modules)
 ✓ Compiled in 297ms (312 modules)
 ✓ Compiled in 334ms (312 modules)
 ✓ Compiled in 445ms (312 modules)
 ✓ Compiled in 447ms (312 modules)
 ✓ Compiled in 441ms (312 modules)
 ✓ Compiled in 444ms (312 modules)
 ✓ Compiled in 463ms (312 modules)
 ✓ Compiled in 405ms (312 modules)
 ✓ Compiled in 435ms (312 modules)
 ✓ Compiled in 407ms (312 modules)
 ✓ Compiled in 412ms (312 modules)
 ✓ Compiled in 424ms (312 modules)
 ✓ Compiled in 441ms (312 modules)
 ✓ Compiled in 446ms (312 modules)
 ✓ Compiled in 447ms (312 modules)
 ✓ Compiled in 431ms (312 modules)
 ✓ Compiled in 456ms (312 modules)
 ✓ Compiled in 443ms (312 modules)
 ✓ Compiled in 410ms (312 modules)
 ✓ Compiled in 465ms (312 modules)
 ✓ Compiled in 414ms (312 modules)
 ✓ Compiled in 322ms (312 modules)
 ✓ Compiled in 309ms (312 modules)
 ✓ Compiled in 294ms (312 modules)
 ✓ Compiled in 314ms (312 modules)
 ✓ Compiled in 298ms (312 modules)
 ✓ Compiled in 288ms (312 modules)
 ✓ Compiled in 284ms (312 modules)
 ✓ Compiled in 282ms (312 modules)
 ✓ Compiled in 285ms (312 modules)
 ✓ Compiled in 286ms (312 modules)
 ✓ Compiled in 287ms (312 modules)
 ✓ Compiled in 298ms (312 modules)
 ✓ Compiled in 294ms (312 modules)
 ✓ Compiled in 289ms (312 modules)
 ✓ Compiled in 284ms (312 modules)
 ✓ Compiled in 289ms (312 modules)
 ✓ Compiled in 288ms (312 modules)
 ✓ Compiled in 288ms (312 modules)
 ✓ Compiled in 283ms (312 modules)
 ✓ Compiled in 282ms (312 modules)
 ✓ Compiled in 285ms (312 modules)
 ✓ Compiled in 290ms (312 modules)
 ✓ Compiled in 289ms (312 modules)
 ✓ Compiled in 284ms (312 modules)
 ✓ Compiled in 293ms (312 modules)
 ✓ Compiled in 294ms (312 modules)
 ✓ Compiled in 292ms (312 modules)
 ✓ Compiled in 292ms (312 modules)
 ✓ Compiled in 284ms (312 modules)
 ✓ Compiled in 289ms (312 modules)
 ✓ Compiled in 282ms (312 modules)
 ✓ Compiled in 281ms (312 modules)
 ✓ Compiled in 287ms (312 modules)
 ✓ Compiled in 289ms (312 modules)
 ✓ Compiled in 292ms (312 modules)
 ✓ Compiled in 297ms (312 modules)
 ✓ Compiled in 289ms (312 modules)
 ✓ Compiled in 299ms (312 modules)
 ✓ Compiled in 291ms (312 modules)
 ✓ Compiled in 293ms (312 modules)
 ✓ Compiled in 295ms (312 modules)
 ✓ Compiled in 539ms (312 modules)
 ✓ Compiled in 339ms (312 modules)
 ✓ Compiled in 316ms (312 modules)
 ✓ Compiled in 296ms (312 modules)
 ✓ Compiled in 303ms (312 modules)
 ✓ Compiled in 299ms (312 modules)
 ✓ Compiled in 294ms (312 modules)
 ✓ Compiled in 287ms (312 modules)
 ✓ Compiled in 306ms (312 modules)
 ✓ Compiled in 294ms (312 modules)
 ✓ Compiled in 291ms (312 modules)
 ✓ Compiled in 292ms (312 modules)
 ✓ Compiled in 286ms (312 modules)
 ✓ Compiled in 285ms (312 modules)
 ✓ Compiled in 290ms (312 modules)
 ✓ Compiled in 282ms (312 modules)
 ✓ Compiled in 282ms (312 modules)
 ✓ Compiled in 291ms (312 modules)
 ✓ Compiled in 286ms (312 modules)
 ✓ Compiled in 285ms (312 modules)
 ✓ Compiled in 290ms (312 modules)
 ✓ Compiled in 287ms (312 modules)
 ✓ Compiled in 282ms (312 modules)
 ✓ Compiled in 285ms (312 modules)
 ✓ Compiled in 301ms (312 modules)
 ✓ Compiled in 279ms (312 modules)
 ✓ Compiled in 290ms (312 modules)
 ✓ Compiled in 290ms (312 modules)
 ✓ Compiled in 283ms (312 modules)
 ✓ Compiled in 287ms (312 modules)
 ✓ Compiled in 287ms (312 modules)
 ✓ Compiled in 282ms (312 modules)
 ✓ Compiled in 291ms (312 modules)
 ✓ Compiled in 287ms (312 modules)
 ✓ Compiled in 280ms (312 modules)
 ✓ Compiled in 291ms (312 modules)
 ✓ Compiled in 285ms (312 modules)
 ✓ Compiled in 287ms (312 modules)
 ✓ Compiled in 292ms (312 modules)
 ✓ Compiled in 285ms (312 modules)
 ✓ Compiled in 284ms (312 modules)
 ✓ Compiled in 307ms (312 modules)
 ✓ Compiled in 389ms (312 modules)
 ✓ Compiled in 320ms (312 modules)
 ✓ Compiled in 307ms (312 modules)
 ✓ Compiled in 298ms (312 modules)
 ✓ Compiled in 295ms (312 modules)
 ✓ Compiled in 295ms (312 modules)
 ✓ Compiled in 289ms (312 modules)
 ✓ Compiled in 291ms (312 modules)
 ✓ Compiled in 291ms (312 modules)
 ✓ Compiled in 288ms (312 modules)
 ✓ Compiled in 286ms (312 modules)
 ✓ Compiled in 298ms (312 modules)
 ✓ Compiled in 287ms (312 modules)
 ✓ Compiled in 285ms (312 modules)
 ✓ Compiled in 288ms (312 modules)
 ✓ Compiled in 287ms (312 modules)
 ✓ Compiled in 292ms (312 modules)
 ✓ Compiled in 293ms (312 modules)
 ✓ Compiled in 290ms (312 modules)
 ✓ Compiled in 289ms (312 modules)
 ✓ Compiled in 293ms (312 modules)
 ✓ Compiled in 287ms (312 modules)
 ✓ Compiled in 291ms (312 modules)
 ✓ Compiled in 285ms (312 modules)
 ✓ Compiled in 304ms (312 modules)
 ✓ Compiled in 295ms (312 modules)
 ✓ Compiled in 290ms (312 modules)
 ✓ Compiled in 286ms (312 modules)
 ✓ Compiled in 288ms (312 modules)
 ✓ Compiled in 286ms (312 modules)
 ✓ Compiled in 294ms (312 modules)
 ✓ Compiled in 291ms (312 modules)
 ✓ Compiled in 291ms (312 modules)
 ✓ Compiled in 287ms (312 modules)
 ✓ Compiled in 286ms (312 modules)
 ✓ Compiled in 291ms (312 modules)
 ✓ Compiled in 294ms (312 modules)
 ✓ Compiled in 300ms (312 modules)
 ✓ Compiled in 289ms (312 modules)
 ✓ Compiled in 290ms (312 modules)
 ✓ Compiled in 280ms (312 modules)
 ✓ Compiled in 297ms (312 modules)
 ✓ Compiled in 370ms (312 modules)
 ✓ Compiled in 309ms (312 modules)
 ✓ Compiled in 297ms (312 modules)
 ✓ Compiled in 303ms (312 modules)
 ✓ Compiled in 294ms (312 modules)
 ✓ Compiled in 300ms (312 modules)
 ✓ Compiled in 300ms (312 modules)
 ✓ Compiled in 299ms (312 modules)
 ✓ Compiled in 292ms (312 modules)
 ✓ Compiled in 308ms (312 modules)
 ✓ Compiled in 338ms (312 modules)
 ✓ Compiled in 321ms (312 modules)
 ✓ Compiled in 299ms (312 modules)
 ✓ Compiled in 295ms (312 modules)
 ✓ Compiled in 289ms (312 modules)
 ✓ Compiled in 290ms (312 modules)
 ✓ Compiled in 313ms (312 modules)
 ✓ Compiled in 307ms (312 modules)
 ✓ Compiled in 371ms (312 modules)
 ✓ Compiled in 311ms (312 modules)
 ✓ Compiled in 313ms (312 modules)
 ✓ Compiled in 289ms (312 modules)
 ✓ Compiled in 292ms (312 modules)
 ✓ Compiled in 300ms (312 modules)
 ✓ Compiled in 306ms (312 modules)
 ✓ Compiled in 293ms (312 modules)
 ✓ Compiled in 300ms (312 modules)
 ✓ Compiled in 296ms (312 modules)
 ✓ Compiled in 306ms (312 modules)
 ✓ Compiled in 327ms (312 modules)
 ✓ Compiled in 308ms (312 modules)
 ✓ Compiled in 322ms (312 modules)
 ✓ Compiled in 313ms (312 modules)
 ✓ Compiled in 297ms (312 modules)
 ✓ Compiled in 350ms (312 modules)
 ✓ Compiled in 323ms (312 modules)
 ✓ Compiled in 346ms (312 modules)
 ✓ Compiled in 345ms (312 modules)
 ✓ Compiled in 288ms (312 modules)
 ✓ Compiled in 294ms (312 modules)
 ✓ Compiled in 334ms (312 modules)
 ✓ Compiled in 316ms (312 modules)
 ✓ Compiled in 397ms (312 modules)
 ✓ Compiled in 327ms (312 modules)
 ✓ Compiled in 373ms (312 modules)
 ✓ Compiled in 317ms (312 modules)
 ✓ Compiled in 323ms (312 modules)
 ✓ Compiled in 284ms (312 modules)
 ✓ Compiled in 293ms (312 modules)
 ✓ Compiled in 291ms (312 modules)
 ✓ Compiled in 287ms (312 modules)
 ✓ Compiled in 296ms (312 modules)
 ✓ Compiled in 295ms (312 modules)
 ✓ Compiled in 288ms (312 modules)
 ✓ Compiled in 290ms (312 modules)
 ✓ Compiled in 302ms (312 modules)
 ✓ Compiled in 301ms (312 modules)
 ✓ Compiled in 297ms (312 modules)
 ✓ Compiled in 287ms (312 modules)
 ✓ Compiled in 286ms (312 modules)
 ✓ Compiled in 295ms (312 modules)
 ✓ Compiled in 303ms (312 modules)
 ✓ Compiled in 286ms (312 modules)
 ✓ Compiled in 288ms (312 modules)
 ✓ Compiled in 292ms (312 modules)
 ✓ Compiled in 291ms (312 modules)
 ✓ Compiled in 293ms (312 modules)
 ✓ Compiled in 288ms (312 modules)
 ✓ Compiled in 305ms (312 modules)
 ✓ Compiled in 305ms (312 modules)
 ✓ Compiled in 433ms (312 modules)
 ✓ Compiled in 438ms (312 modules)
 ✓ Compiled in 282ms (312 modules)
 ✓ Compiled in 299ms (312 modules)
 ✓ Compiled in 284ms (312 modules)
 ✓ Compiled in 281ms (312 modules)
 ✓ Compiled in 284ms (312 modules)
 ✓ Compiled in 286ms (312 modules)
 ✓ Compiled in 281ms (312 modules)
 ✓ Compiled in 283ms (312 modules)
 ✓ Compiled in 279ms (312 modules)
 ✓ Compiled in 292ms (312 modules)
 ✓ Compiled in 298ms (312 modules)
 ✓ Compiled in 313ms (312 modules)
 ✓ Compiled in 371ms (312 modules)
 ✓ Compiled in 314ms (312 modules)
 ✓ Compiled in 317ms (312 modules)
 ✓ Compiled in 304ms (312 modules)
 ✓ Compiled in 511ms (312 modules)
 ✓ Compiled in 300ms (312 modules)
 ✓ Compiled in 291ms (312 modules)
 ✓ Compiled in 286ms (312 modules)
 ✓ Compiled in 283ms (312 modules)
 ✓ Compiled in 285ms (312 modules)
 ✓ Compiled in 291ms (312 modules)
 ✓ Compiled in 282ms (312 modules)
 ✓ Compiled in 284ms (312 modules)
 ✓ Compiled in 290ms (312 modules)
 ✓ Compiled in 278ms (312 modules)
 ✓ Compiled in 282ms (312 modules)
 ✓ Compiled in 281ms (312 modules)
 ✓ Compiled in 290ms (312 modules)
 ✓ Compiled in 287ms (312 modules)
 ✓ Compiled in 286ms (312 modules)
 ✓ Compiled in 289ms (312 modules)
 ✓ Compiled in 285ms (312 modules)
 ✓ Compiled in 287ms (312 modules)
 ✓ Compiled in 290ms (312 modules)
 ✓ Compiled in 289ms (312 modules)
 ✓ Compiled in 280ms (312 modules)
 ✓ Compiled in 287ms (312 modules)
 ✓ Compiled in 282ms (312 modules)
 ✓ Compiled in 277ms (312 modules)
 ✓ Compiled in 291ms (312 modules)
 ✓ Compiled in 301ms (312 modules)
 ✓ Compiled in 303ms (312 modules)
 ✓ Compiled in 289ms (312 modules)
 ✓ Compiled in 284ms (312 modules)
 ✓ Compiled in 289ms (312 modules)
 ✓ Compiled in 299ms (312 modules)
 ✓ Compiled in 283ms (312 modules)
 ✓ Compiled in 284ms (312 modules)
 ✓ Compiled in 287ms (312 modules)
 ✓ Compiled in 290ms (312 modules)
 ✓ Compiled in 280ms (312 modules)
 ✓ Compiled in 299ms (312 modules)
 ✓ Compiled in 362ms (312 modules)
 ✓ Compiled in 307ms (312 modules)
 ✓ Compiled in 297ms (312 modules)
 ✓ Compiled in 301ms (312 modules)
 ✓ Compiled in 290ms (312 modules)
 ✓ Compiled in 289ms (312 modules)
 ✓ Compiled in 295ms (312 modules)
 ✓ Compiled in 292ms (312 modules)
 ✓ Compiled in 285ms (312 modules)
 ✓ Compiled in 295ms (312 modules)
 ✓ Compiled in 299ms (312 modules)
 ✓ Compiled in 290ms (312 modules)
 ✓ Compiled in 292ms (312 modules)
 ✓ Compiled in 295ms (312 modules)
 ✓ Compiled in 291ms (312 modules)
 ✓ Compiled in 291ms (312 modules)
 ✓ Compiled in 289ms (312 modules)
 ✓ Compiled in 293ms (312 modules)
 ✓ Compiled in 297ms (312 modules)
 ✓ Compiled in 291ms (312 modules)
 ✓ Compiled in 285ms (312 modules)
 ✓ Compiled in 296ms (312 modules)
 ✓ Compiled in 282ms (312 modules)
 ✓ Compiled in 285ms (312 modules)
 ✓ Compiled in 296ms (312 modules)
 ✓ Compiled in 298ms (312 modules)
 ✓ Compiled in 294ms (312 modules)
 ✓ Compiled in 290ms (312 modules)
 ✓ Compiled in 285ms (312 modules)
 ✓ Compiled in 286ms (312 modules)
 ✓ Compiled in 298ms (312 modules)
 ✓ Compiled in 283ms (312 modules)
 ✓ Compiled in 287ms (312 modules)
 ✓ Compiled in 284ms (312 modules)
